<?xml version="1.0" encoding="UTF-8"?>
<testsuite name="com.cybersiara.app.ExampleUnitTest" tests="1" skipped="0" failures="0" errors="0" timestamp="2025-10-07T10:57:36" hostname="192.168.1.44" time="0.0">
  <properties/>
  <testcase name="addition_isCorrect" classname="com.cybersiara.app.ExampleUnitTest" time="0.0"/>
  <system-out><![CDATA[]]></system-out>
  <system-err><![CDATA[]]></system-err>
</testsuite>
